<?xml version="1.0" encoding="UTF-8"?>
<!-- Generated by org.testng.reporters.JUnitReportReporter -->
<testsuite hostname="FDLMC2114" failures="0" tests="1" name="com.googlemaps.automation.AppiumSetupTest" time="0.009" errors="0" timestamp="2022-09-11T07:33:37 IST" skipped="0">
  <testcase classname="com.googlemaps.automation.AppiumSetupTest" name="run" time="0.009"/>
  <system-out/>
</testsuite> <!-- com.googlemaps.automation.AppiumSetupTest -->
