<?xml version="1.0" encoding="UTF-8"?>
<!-- Generated by org.testng.reporters.JUnitReportReporter -->
<testsuite skipped="0" hostname="FDLMC2114" name="com.googlemaps.Tests.SearchTest" tests="1" failures="0" timestamp="2022-09-14T07:31:32 IST" time="4.281" errors="0">
  <testcase name="searchPlace" time="4.281" classname="com.googlemaps.Tests.SearchTest"/>
  <system-out/>
</testsuite> <!-- com.googlemaps.Tests.SearchTest -->
